0 info it worked if it ends with ok
1 verbose cli [ 'node', '/usr/local/bin/npm', 'install', 'swig', '--save' ]
2 info using npm@1.4.28
3 info using node@v0.10.33
4 warn package.json twitter-js@1.0.0 No repository field.
5 verbose readDependencies using package.json deps
6 verbose cache add [ 'swig', null ]
7 verbose cache add name=undefined spec="swig" args=["swig",null]
8 verbose parsed url { protocol: null,
8 verbose parsed url   slashes: null,
8 verbose parsed url   auth: null,
8 verbose parsed url   host: null,
8 verbose parsed url   port: null,
8 verbose parsed url   hostname: null,
8 verbose parsed url   hash: null,
8 verbose parsed url   search: null,
8 verbose parsed url   query: null,
8 verbose parsed url   pathname: 'swig',
8 verbose parsed url   path: 'swig',
8 verbose parsed url   href: 'swig' }
9 silly lockFile 2375338c-swig swig
10 verbose lock swig /Users/CarpeDN/.npm/2375338c-swig.lock
11 silly lockFile 2375338c-swig swig
12 silly lockFile 2375338c-swig swig
13 verbose addNamed [ 'swig', '' ]
14 verbose addNamed [ null, '*' ]
15 silly lockFile 6cd4b70b-swig swig@
16 verbose lock swig@ /Users/CarpeDN/.npm/6cd4b70b-swig.lock
17 silly addNameRange { name: 'swig', range: '*', hasData: false }
18 verbose request where is /swig
19 verbose request registry https://registry.npmjs.org/
20 verbose request id 7fc625c3906199e9
21 verbose url raw /swig
22 verbose url resolving [ 'https://registry.npmjs.org/', './swig' ]
23 verbose url resolved https://registry.npmjs.org/swig
24 verbose request where is https://registry.npmjs.org/swig
25 info trying registry request attempt 1 at 15:58:09
26 verbose etag "807GRR9JH5YJRT6IV4RCYEKIV"
27 http GET https://registry.npmjs.org/swig
28 http 200 https://registry.npmjs.org/swig
29 silly registry.get cb [ 200,
29 silly registry.get   { date: 'Fri, 23 Jan 2015 20:58:09 GMT',
29 silly registry.get     server: 'CouchDB/1.5.0 (Erlang OTP/R16B03)',
29 silly registry.get     etag: '"380ZLU2AMX01X8OU5IKHSD72J"',
29 silly registry.get     'content-type': 'application/json',
29 silly registry.get     'cache-control': 'max-age=60',
29 silly registry.get     'content-length': '75841',
29 silly registry.get     'accept-ranges': 'bytes',
29 silly registry.get     via: '1.1 varnish',
29 silly registry.get     age: '49',
29 silly registry.get     'x-served-by': 'cache-iad2130-IAD',
29 silly registry.get     'x-cache': 'HIT',
29 silly registry.get     'x-cache-hits': '1',
29 silly registry.get     'x-timer': 'S1422046689.895981,VS0,VE0',
29 silly registry.get     vary: 'Accept',
29 silly registry.get     'keep-alive': 'timeout=10, max=50',
29 silly registry.get     connection: 'Keep-Alive' } ]
30 silly addNameRange number 2 { name: 'swig', range: '*', hasData: true }
31 silly addNameRange versions [ 'swig',
31 silly addNameRange   [ '0.1.1',
31 silly addNameRange     '0.1.2',
31 silly addNameRange     '0.1.3',
31 silly addNameRange     '0.1.5',
31 silly addNameRange     '0.1.6',
31 silly addNameRange     '0.1.7',
31 silly addNameRange     '0.1.8',
31 silly addNameRange     '0.1.9',
31 silly addNameRange     '0.2.0',
31 silly addNameRange     '0.2.1',
31 silly addNameRange     '0.2.2',
31 silly addNameRange     '0.2.3',
31 silly addNameRange     '0.3.0',
31 silly addNameRange     '0.4.0',
31 silly addNameRange     '0.5.0',
31 silly addNameRange     '0.6.0',
31 silly addNameRange     '0.6.1',
31 silly addNameRange     '0.7.0',
31 silly addNameRange     '0.8.0',
31 silly addNameRange     '0.9.0',
31 silly addNameRange     '0.9.1',
31 silly addNameRange     '0.9.2',
31 silly addNameRange     '0.9.3',
31 silly addNameRange     '0.9.4',
31 silly addNameRange     '0.10.0',
31 silly addNameRange     '0.11.0',
31 silly addNameRange     '0.11.1',
31 silly addNameRange     '0.11.2',
31 silly addNameRange     '0.12.0',
31 silly addNameRange     '0.12.1',
31 silly addNameRange     '0.13.0',
31 silly addNameRange     '0.13.1',
31 silly addNameRange     '0.13.2',
31 silly addNameRange     '0.13.3',
31 silly addNameRange     '0.13.4',
31 silly addNameRange     '0.13.5',
31 silly addNameRange     '0.14.0',
31 silly addNameRange     '1.0.0-pre1',
31 silly addNameRange     '1.0.0-pre2',
31 silly addNameRange     '1.0.0-pre3',
31 silly addNameRange     '1.0.0-rc1',
31 silly addNameRange     '1.0.0-rc2',
31 silly addNameRange     '1.0.0-rc3',
31 silly addNameRange     '1.0.0',
31 silly addNameRange     '1.1.0',
31 silly addNameRange     '1.2.0',
31 silly addNameRange     '1.2.1',
31 silly addNameRange     '1.2.2',
31 silly addNameRange     '1.3.0',
31 silly addNameRange     '1.3.2',
31 silly addNameRange     '1.4.0',
31 silly addNameRange     '1.4.1',
31 silly addNameRange     '1.4.2' ] ]
32 verbose addNamed [ 'swig', '1.4.2' ]
33 verbose addNamed [ '1.4.2', '1.4.2' ]
34 silly lockFile 63e83fc4-swig-1-4-2 swig@1.4.2
35 verbose lock swig@1.4.2 /Users/CarpeDN/.npm/63e83fc4-swig-1-4-2.lock
36 silly lockFile 693b07fb-ry-npmjs-org-swig-swig-1-4-2-tgz https://registry.npmjs.org/swig/-/swig-1.4.2.tgz
37 verbose lock https://registry.npmjs.org/swig/-/swig-1.4.2.tgz /Users/CarpeDN/.npm/693b07fb-ry-npmjs-org-swig-swig-1-4-2-tgz.lock
38 verbose addRemoteTarball [ 'https://registry.npmjs.org/swig/-/swig-1.4.2.tgz',
38 verbose addRemoteTarball   '4085ca0453369104b5d483e2841b39b7ae1aaba5' ]
39 info retry fetch attempt 1 at 15:58:10
40 verbose fetch to= /var/folders/nh/xh6rlc3x30d7m9qwjqpp5c3h0000gn/T/npm-58960-d7JQiWYB/registry.npmjs.org/swig/-/swig-1.4.2.tgz
41 http GET https://registry.npmjs.org/swig/-/swig-1.4.2.tgz
42 http 200 https://registry.npmjs.org/swig/-/swig-1.4.2.tgz
43 silly lockFile 693b07fb-ry-npmjs-org-swig-swig-1-4-2-tgz https://registry.npmjs.org/swig/-/swig-1.4.2.tgz
44 silly lockFile 693b07fb-ry-npmjs-org-swig-swig-1-4-2-tgz https://registry.npmjs.org/swig/-/swig-1.4.2.tgz
45 silly lockFile 63e83fc4-swig-1-4-2 swig@1.4.2
46 silly lockFile 63e83fc4-swig-1-4-2 swig@1.4.2
47 silly lockFile 6cd4b70b-swig swig@
48 silly lockFile 6cd4b70b-swig swig@
49 error Error: EACCES, mkdir '/Users/CarpeDN/.npm/swig/1.4.2'
49 error  { [Error: EACCES, mkdir '/Users/CarpeDN/.npm/swig/1.4.2']
49 error   errno: 3,
49 error   code: 'EACCES',
49 error   path: '/Users/CarpeDN/.npm/swig/1.4.2',
49 error   parent: 'twitter-js' }
50 error Please try running this command again as root/Administrator.
51 error System Darwin 13.4.0
52 error command "node" "/usr/local/bin/npm" "install" "swig" "--save"
53 error cwd /Users/CarpeDN/Documents/Full Stack Academy/twitter-js
54 error node -v v0.10.33
55 error npm -v 1.4.28
56 error path /Users/CarpeDN/.npm/swig/1.4.2
57 error code EACCES
58 error errno 3
59 error stack Error: EACCES, mkdir '/Users/CarpeDN/.npm/swig/1.4.2'
60 verbose exit [ 3, true ]
